slurmstepd-foyait: error: Unable to create TMPDIR [/tmp/user/24470]: Permission denied
slurmstepd-foyait: error: Setting TMPDIR to /tmp
Requirement already satisfied: torch in ./env/lib/python3.12/site-packages (from -r requirements.txt (line 1)) (2.7.0)
Requirement already satisfied: transformers in ./env/lib/python3.12/site-packages (from -r requirements.txt (line 2)) (4.47.1)
Collecting transformers (from -r requirements.txt (line 2))
  Downloading transformers-4.51.3-py3-none-any.whl.metadata (38 kB)
Requirement already satisfied: datasets in ./env/lib/python3.12/site-packages (from -r requirements.txt (line 3)) (3.5.0)
Collecting openai (from -r requirements.txt (line 4))
  Downloading openai-1.76.0-py3-none-any.whl.metadata (25 kB)
Requirement already satisfied: pandas in ./env/lib/python3.12/site-packages (from -r requirements.txt (line 5)) (2.2.3)
Requirement already satisfied: autoawq in ./env/lib/python3.12/site-packages (from -r requirements.txt (line 6)) (0.2.8)
Collecting bitsandbytes (from -r requirements.txt (line 7))
  Downloading bitsandbytes-0.45.5-py3-none-manylinux_2_24_x86_64.whl.metadata (5.0 kB)
Collecting pillow (from -r requirements.txt (line 8))
  Downloading pillow-11.2.1-cp312-cp312-manylinux_2_28_x86_64.whl.metadata (8.9 kB)
Requirement already satisfied: filelock in ./env/lib/python3.12/site-packages (from torch->-r requirements.txt (line 1)) (3.18.0)
Requirement already satisfied: typing-extensions>=4.10.0 in ./env/lib/python3.12/site-packages (from torch->-r requirements.txt (line 1)) (4.13.2)
Requirement already satisfied: setuptools in ./env/lib/python3.12/site-packages (from torch->-r requirements.txt (line 1)) (79.0.1)
Requirement already satisfied: sympy>=1.13.3 in ./env/lib/python3.12/site-packages (from torch->-r requirements.txt (line 1)) (1.13.3)
Requirement already satisfied: networkx in ./env/lib/python3.12/site-packages (from torch->-r requirements.txt (line 1)) (3.4.2)
Requirement already satisfied: jinja2 in ./env/lib/python3.12/site-packages (from torch->-r requirements.txt (line 1)) (3.1.6)
Requirement already satisfied: fsspec in ./env/lib/python3.12/site-packages (from torch->-r requirements.txt (line 1)) (2024.12.0)
Requirement already satisfied: nvidia-cuda-nvrtc-cu12==12.6.77 in ./env/lib/python3.12/site-packages (from torch->-r requirements.txt (line 1)) (12.6.77)
Requirement already satisfied: nvidia-cuda-runtime-cu12==12.6.77 in ./env/lib/python3.12/site-packages (from torch->-r requirements.txt (line 1)) (12.6.77)
Requirement already satisfied: nvidia-cuda-cupti-cu12==12.6.80 in ./env/lib/python3.12/site-packages (from torch->-r requirements.txt (line 1)) (12.6.80)
Requirement already satisfied: nvidia-cudnn-cu12==9.5.1.17 in ./env/lib/python3.12/site-packages (from torch->-r requirements.txt (line 1)) (9.5.1.17)
Requirement already satisfied: nvidia-cublas-cu12==12.6.4.1 in ./env/lib/python3.12/site-packages (from torch->-r requirements.txt (line 1)) (12.6.4.1)
Requirement already satisfied: nvidia-cufft-cu12==11.3.0.4 in ./env/lib/python3.12/site-packages (from torch->-r requirements.txt (line 1)) (11.3.0.4)
Requirement already satisfied: nvidia-curand-cu12==10.3.7.77 in ./env/lib/python3.12/site-packages (from torch->-r requirements.txt (line 1)) (10.3.7.77)
Requirement already satisfied: nvidia-cusolver-cu12==11.7.1.2 in ./env/lib/python3.12/site-packages (from torch->-r requirements.txt (line 1)) (11.7.1.2)
Requirement already satisfied: nvidia-cusparse-cu12==12.5.4.2 in ./env/lib/python3.12/site-packages (from torch->-r requirements.txt (line 1)) (12.5.4.2)
Requirement already satisfied: nvidia-cusparselt-cu12==0.6.3 in ./env/lib/python3.12/site-packages (from torch->-r requirements.txt (line 1)) (0.6.3)
Requirement already satisfied: nvidia-nccl-cu12==2.26.2 in ./env/lib/python3.12/site-packages (from torch->-r requirements.txt (line 1)) (2.26.2)
Requirement already satisfied: nvidia-nvtx-cu12==12.6.77 in ./env/lib/python3.12/site-packages (from torch->-r requirements.txt (line 1)) (12.6.77)
Requirement already satisfied: nvidia-nvjitlink-cu12==12.6.85 in ./env/lib/python3.12/site-packages (from torch->-r requirements.txt (line 1)) (12.6.85)
Requirement already satisfied: nvidia-cufile-cu12==1.11.1.6 in ./env/lib/python3.12/site-packages (from torch->-r requirements.txt (line 1)) (1.11.1.6)
Requirement already satisfied: triton==3.3.0 in ./env/lib/python3.12/site-packages (from torch->-r requirements.txt (line 1)) (3.3.0)
Requirement already satisfied: huggingface-hub<1.0,>=0.30.0 in ./env/lib/python3.12/site-packages (from transformers->-r requirements.txt (line 2)) (0.30.2)
Requirement already satisfied: numpy>=1.17 in ./env/lib/python3.12/site-packages (from transformers->-r requirements.txt (line 2)) (2.2.5)
Requirement already satisfied: packaging>=20.0 in ./env/lib/python3.12/site-packages (from transformers->-r requirements.txt (line 2)) (25.0)
Requirement already satisfied: pyyaml>=5.1 in ./env/lib/python3.12/site-packages (from transformers->-r requirements.txt (line 2)) (6.0.2)
Requirement already satisfied: regex!=2019.12.17 in ./env/lib/python3.12/site-packages (from transformers->-r requirements.txt (line 2)) (2024.11.6)
Requirement already satisfied: requests in ./env/lib/python3.12/site-packages (from transformers->-r requirements.txt (line 2)) (2.32.3)
Requirement already satisfied: tokenizers<0.22,>=0.21 in ./env/lib/python3.12/site-packages (from transformers->-r requirements.txt (line 2)) (0.21.1)
Requirement already satisfied: safetensors>=0.4.3 in ./env/lib/python3.12/site-packages (from transformers->-r requirements.txt (line 2)) (0.5.3)
Requirement already satisfied: tqdm>=4.27 in ./env/lib/python3.12/site-packages (from transformers->-r requirements.txt (line 2)) (4.67.1)
Requirement already satisfied: pyarrow>=15.0.0 in ./env/lib/python3.12/site-packages (from datasets->-r requirements.txt (line 3)) (19.0.1)
Requirement already satisfied: dill<0.3.9,>=0.3.0 in ./env/lib/python3.12/site-packages (from datasets->-r requirements.txt (line 3)) (0.3.8)
Requirement already satisfied: xxhash in ./env/lib/python3.12/site-packages (from datasets->-r requirements.txt (line 3)) (3.5.0)
Requirement already satisfied: multiprocess<0.70.17 in ./env/lib/python3.12/site-packages (from datasets->-r requirements.txt (line 3)) (0.70.16)
Requirement already satisfied: aiohttp in ./env/lib/python3.12/site-packages (from datasets->-r requirements.txt (line 3)) (3.11.18)
Collecting anyio<5,>=3.5.0 (from openai->-r requirements.txt (line 4))
  Downloading anyio-4.9.0-py3-none-any.whl.metadata (4.7 kB)
Collecting distro<2,>=1.7.0 (from openai->-r requirements.txt (line 4))
  Downloading distro-1.9.0-py3-none-any.whl.metadata (6.8 kB)
Collecting httpx<1,>=0.23.0 (from openai->-r requirements.txt (line 4))
  Downloading httpx-0.28.1-py3-none-any.whl.metadata (7.1 kB)
Collecting jiter<1,>=0.4.0 (from openai->-r requirements.txt (line 4))
  Downloading jiter-0.9.0-cp312-cp312-manylinux_2_17_x86_64.manylinux2014_x86_64.whl.metadata (5.2 kB)
Collecting pydantic<3,>=1.9.0 (from openai->-r requirements.txt (line 4))
  Downloading pydantic-2.11.3-py3-none-any.whl.metadata (65 kB)
Collecting sniffio (from openai->-r requirements.txt (line 4))
  Downloading sniffio-1.3.1-py3-none-any.whl.metadata (3.9 kB)
Requirement already satisfied: idna>=2.8 in ./env/lib/python3.12/site-packages (from anyio<5,>=3.5.0->openai->-r requirements.txt (line 4)) (3.10)
Requirement already satisfied: certifi in ./env/lib/python3.12/site-packages (from httpx<1,>=0.23.0->openai->-r requirements.txt (line 4)) (2025.4.26)
Collecting httpcore==1.* (from httpx<1,>=0.23.0->openai->-r requirements.txt (line 4))
  Downloading httpcore-1.0.9-py3-none-any.whl.metadata (21 kB)
Collecting h11>=0.16 (from httpcore==1.*->httpx<1,>=0.23.0->openai->-r requirements.txt (line 4))
  Downloading h11-0.16.0-py3-none-any.whl.metadata (8.3 kB)
Collecting annotated-types>=0.6.0 (from pydantic<3,>=1.9.0->openai->-r requirements.txt (line 4))
  Downloading annotated_types-0.7.0-py3-none-any.whl.metadata (15 kB)
Collecting pydantic-core==2.33.1 (from pydantic<3,>=1.9.0->openai->-r requirements.txt (line 4))
  Downloading pydantic_core-2.33.1-cp312-cp312-manylinux_2_17_x86_64.manylinux2014_x86_64.whl.metadata (6.8 kB)
Collecting typing-inspection>=0.4.0 (from pydantic<3,>=1.9.0->openai->-r requirements.txt (line 4))
  Downloading typing_inspection-0.4.0-py3-none-any.whl.metadata (2.6 kB)
Requirement already satisfied: python-dateutil>=2.8.2 in ./env/lib/python3.12/site-packages (from pandas->-r requirements.txt (line 5)) (2.9.0.post0)
Requirement already satisfied: pytz>=2020.1 in ./env/lib/python3.12/site-packages (from pandas->-r requirements.txt (line 5)) (2025.2)
Requirement already satisfied: tzdata>=2022.7 in ./env/lib/python3.12/site-packages (from pandas->-r requirements.txt (line 5)) (2025.2)
Requirement already satisfied: accelerate in ./env/lib/python3.12/site-packages (from autoawq->-r requirements.txt (line 6)) (1.6.0)
Requirement already satisfied: zstandard in ./env/lib/python3.12/site-packages (from autoawq->-r requirements.txt (line 6)) (0.23.0)
Requirement already satisfied: aiohappyeyeballs>=2.3.0 in ./env/lib/python3.12/site-packages (from aiohttp->datasets->-r requirements.txt (line 3)) (2.6.1)
Requirement already satisfied: aiosignal>=1.1.2 in ./env/lib/python3.12/site-packages (from aiohttp->datasets->-r requirements.txt (line 3)) (1.3.2)
Requirement already satisfied: attrs>=17.3.0 in ./env/lib/python3.12/site-packages (from aiohttp->datasets->-r requirements.txt (line 3)) (25.3.0)
Requirement already satisfied: frozenlist>=1.1.1 in ./env/lib/python3.12/site-packages (from aiohttp->datasets->-r requirements.txt (line 3)) (1.6.0)
Requirement already satisfied: multidict<7.0,>=4.5 in ./env/lib/python3.12/site-packages (from aiohttp->datasets->-r requirements.txt (line 3)) (6.4.3)
Requirement already satisfied: propcache>=0.2.0 in ./env/lib/python3.12/site-packages (from aiohttp->datasets->-r requirements.txt (line 3)) (0.3.1)
Requirement already satisfied: yarl<2.0,>=1.17.0 in ./env/lib/python3.12/site-packages (from aiohttp->datasets->-r requirements.txt (line 3)) (1.20.0)
Requirement already satisfied: six>=1.5 in ./env/lib/python3.12/site-packages (from python-dateutil>=2.8.2->pandas->-r requirements.txt (line 5)) (1.17.0)
Requirement already satisfied: charset-normalizer<4,>=2 in ./env/lib/python3.12/site-packages (from requests->transformers->-r requirements.txt (line 2)) (3.4.1)
Requirement already satisfied: urllib3<3,>=1.21.1 in ./env/lib/python3.12/site-packages (from requests->transformers->-r requirements.txt (line 2)) (2.4.0)
Requirement already satisfied: mpmath<1.4,>=1.1.0 in ./env/lib/python3.12/site-packages (from sympy>=1.13.3->torch->-r requirements.txt (line 1)) (1.3.0)
Requirement already satisfied: psutil in ./env/lib/python3.12/site-packages (from accelerate->autoawq->-r requirements.txt (line 6)) (7.0.0)
Requirement already satisfied: MarkupSafe>=2.0 in ./env/lib/python3.12/site-packages (from jinja2->torch->-r requirements.txt (line 1)) (3.0.2)
Downloading openai-1.76.0-py3-none-any.whl (661 kB)
   ━━━━━━━━━━━━━━━━━━━━━━━━━━━━━━━━━━━━━━━━ 661.2/661.2 kB 40.9 MB/s eta 0:00:00
Downloading anyio-4.9.0-py3-none-any.whl (100 kB)
Downloading distro-1.9.0-py3-none-any.whl (20 kB)
Downloading httpx-0.28.1-py3-none-any.whl (73 kB)
Downloading httpcore-1.0.9-py3-none-any.whl (78 kB)
Downloading jiter-0.9.0-cp312-cp312-manylinux_2_17_x86_64.manylinux2014_x86_64.whl (351 kB)
Downloading pydantic-2.11.3-py3-none-any.whl (443 kB)
Downloading pydantic_core-2.33.1-cp312-cp312-manylinux_2_17_x86_64.manylinux2014_x86_64.whl (2.0 MB)
   ━━━━━━━━━━━━━━━━━━━━━━━━━━━━━━━━━━━━━━━━ 2.0/2.0 MB 103.3 MB/s eta 0:00:00
Downloading bitsandbytes-0.45.5-py3-none-manylinux_2_24_x86_64.whl (76.1 MB)
   ━━━━━━━━━━━━━━━━━━━━━━━━━━━━━━━━━━━━━━━━ 76.1/76.1 MB 115.9 MB/s eta 0:00:00
Downloading pillow-11.2.1-cp312-cp312-manylinux_2_28_x86_64.whl (4.6 MB)
   ━━━━━━━━━━━━━━━━━━━━━━━━━━━━━━━━━━━━━━━━ 4.6/4.6 MB 116.1 MB/s eta 0:00:00
Downloading annotated_types-0.7.0-py3-none-any.whl (13 kB)
Downloading h11-0.16.0-py3-none-any.whl (37 kB)
Downloading sniffio-1.3.1-py3-none-any.whl (10 kB)
Downloading typing_inspection-0.4.0-py3-none-any.whl (14 kB)
Installing collected packages: typing-inspection, sniffio, pydantic-core, pillow, jiter, h11, distro, annotated-types, pydantic, httpcore, anyio, httpx, openai, bitsandbytes

Successfully installed annotated-types-0.7.0 anyio-4.9.0 bitsandbytes-0.45.5 distro-1.9.0 h11-0.16.0 httpcore-1.0.9 httpx-0.28.1 jiter-0.9.0 openai-1.76.0 pillow-11.2.1 pydantic-2.11.3 pydantic-core-2.33.1 sniffio-1.3.1 typing-inspection-0.4.0
