slurmstepd-abakus21: error: Unable to create TMPDIR [/tmp/user/24470]: Permission denied
slurmstepd-abakus21: error: Setting TMPDIR to /tmp
Running job with commit: cd3e5f34674e1426daddcbe4e3ee9f43eb5e5cf2
Running command: python -um scripts.bert "5983" --key_mode "keyfile" --sample_size "0" --test_sample_size "0" --counterfactual "synonym" --dataset "finefineweb" --epochs "10"
[nltk_data] Downloading package stopwords to
[nltk_data]     /home/g/gruenefeld/nltk_data...
[nltk_data]   Package stopwords is already up-to-date!
[nltk_data] Downloading package wordnet to
[nltk_data]     /home/g/gruenefeld/nltk_data...
[nltk_data]   Package wordnet is already up-to-date!
Job number: 5983
Key mode: keyfile
Sample size: 0
Normalize: False
Counterfactual: synonym
Dataset: finefineweb
Model: bert
Replacement probability: 1.0
Epochs: 10
Using full train dataset with 500 samples.
Using full test dataset with 4200 samples.
Loading model: bert-base-uncased
BertForMaskedLM has generative capabilities, as `prepare_inputs_for_generation` is explicitly overwritten. However, it doesn't directly inherit from `GenerationMixin`. From ðŸ‘‰v4.50ðŸ‘ˆ onwards, `PreTrainedModel` will NOT inherit from `GenerationMixin`, and this model will lose the ability to call `generate` and other related functions.
  - If you're using `trust_remote_code=True`, you can get rid of this warning by loading the model with an auto class. See https://huggingface.co/docs/transformers/en/model_doc/auto#auto-classes
  - If you are the owner of the model architecture code, please modify your model class such that it inherits from `GenerationMixin` (after `PreTrainedModel`, otherwise you'll get an exception).
  - If you are not the owner of the model architecture class, please contact the model code owner to update it.
Some weights of the model checkpoint at bert-base-uncased were not used when initializing BertForMaskedLM: ['bert.pooler.dense.bias', 'bert.pooler.dense.weight', 'cls.seq_relationship.bias', 'cls.seq_relationship.weight']
- This IS expected if you are initializing BertForMaskedLM from the checkpoint of a model trained on another task or with another architecture (e.g. initializing a BertForSequenceClassification model from a BertForPreTraining model).
- This IS NOT expected if you are initializing BertForMaskedLM from the checkpoint of a model that you expect to be exactly identical (initializing a BertForSequenceClassification model from a BertForSequenceClassification model).
Using device: cuda
Map:   0%|          | 0/500 [00:00<?, ? examples/s]Map: 100%|â–ˆâ–ˆâ–ˆâ–ˆâ–ˆâ–ˆâ–ˆâ–ˆâ–ˆâ–ˆ| 500/500 [00:00<00:00, 5934.64 examples/s]
/home/g/gruenefeld/Documents/GitHub/gradient-uncertainty/scripts/bert.py:236: FutureWarning: `tokenizer` is deprecated and will be removed in version 5.0.0 for `Trainer.__init__`. Use `processing_class` instead.
  trainer = Trainer(
Calculating uncertainties for 4200 test samples before training (counterfactual mode: synonym)...
Processing test sample 1/4200 (before training)
Token indices sequence length is longer than the specified maximum sequence length for this model (611 > 512). Running this sequence through the model will result in indexing errors
Error in bert_gradient: The size of tensor a (611) must match the size of tensor b (512) at non-singleton dimension 1
Error processing test sample 1 before training: 'dict' object has no attribute 'item'
Processing test sample 2/4200 (before training)
Processing test sample 3/4200 (before training)
Error in bert_gradient: The size of tensor a (2009) must match the size of tensor b (512) at non-singleton dimension 1
Error processing test sample 3 before training: 'dict' object has no attribute 'item'
Processing test sample 4/4200 (before training)
Error in bert_gradient: The size of tensor a (1507) must match the size of tensor b (512) at non-singleton dimension 1
Error processing test sample 4 before training: 'dict' object has no attribute 'item'
Processing test sample 5/4200 (before training)
Error in bert_gradient: The size of tensor a (690) must match the size of tensor b (512) at non-singleton dimension 1
Error processing test sample 5 before training: 'dict' object has no attribute 'item'
Processing test sample 6/4200 (before training)
Processing test sample 7/4200 (before training)
Processing test sample 8/4200 (before training)
Error in bert_gradient: The size of tensor a (4582) must match the size of tensor b (512) at non-singleton dimension 1
Error processing test sample 8 before training: 'dict' object has no attribute 'item'
Processing test sample 9/4200 (before training)
Error in bert_gradient: The size of tensor a (1165) must match the size of tensor b (512) at non-singleton dimension 1
Error processing test sample 9 before training: 'dict' object has no attribute 'item'
Processing test sample 10/4200 (before training)
Processing test sample 11/4200 (before training)
Processing test sample 12/4200 (before training)
Processing test sample 13/4200 (before training)
Processing test sample 14/4200 (before training)
Processing test sample 15/4200 (before training)
Error in bert_gradient: The size of tensor a (531) must match the size of tensor b (512) at non-singleton dimension 1
Error processing test sample 15 before training: 'dict' object has no attribute 'item'
Processing test sample 16/4200 (before training)
Error in bert_gradient: The size of tensor a (4055) must match the size of tensor b (512) at non-singleton dimension 1
Error processing test sample 16 before training: 'dict' object has no attribute 'item'
Processing test sample 17/4200 (before training)
Processing test sample 18/4200 (before training)
Processing test sample 19/4200 (before training)
Error in bert_gradient: The size of tensor a (540) must match the size of tensor b (512) at non-singleton dimension 1
Error processing test sample 19 before training: 'dict' object has no attribute 'item'
Processing test sample 20/4200 (before training)
Processing test sample 21/4200 (before training)
Processing test sample 22/4200 (before training)
Error in bert_gradient: The size of tensor a (893) must match the size of tensor b (512) at non-singleton dimension 1
Error processing test sample 22 before training: 'dict' object has no attribute 'item'
Processing test sample 23/4200 (before training)
Processing test sample 24/4200 (before training)
Error in bert_gradient: The size of tensor a (2205) must match the size of tensor b (512) at non-singleton dimension 1
Error processing test sample 24 before training: 'dict' object has no attribute 'item'
Processing test sample 25/4200 (before training)
Error in bert_gradient: The size of tensor a (1135) must match the size of tensor b (512) at non-singleton dimension 1
Error processing test sample 25 before training: 'dict' object has no attribute 'item'
Processing test sample 26/4200 (before training)
Processing test sample 27/4200 (before training)
Error in bert_gradient: The size of tensor a (1324) must match the size of tensor b (512) at non-singleton dimension 1
Error processing test sample 27 before training: 'dict' object has no attribute 'item'
Processing test sample 28/4200 (before training)
Error in bert_gradient: The size of tensor a (909) must match the size of tensor b (512) at non-singleton dimension 1
Error processing test sample 28 before training: 'dict' object has no attribute 'item'
Processing test sample 29/4200 (before training)
Error in bert_gradient: The size of tensor a (2161) must match the size of tensor b (512) at non-singleton dimension 1
Error processing test sample 29 before training: 'dict' object has no attribute 'item'
Processing test sample 30/4200 (before training)
Error in bert_gradient: The size of tensor a (1335) must match the size of tensor b (512) at non-singleton dimension 1
Error processing test sample 30 before training: 'dict' object has no attribute 'item'
Processing test sample 31/4200 (before training)
Error in bert_gradient: The size of tensor a (962) must match the size of tensor b (512) at non-singleton dimension 1
Error processing test sample 31 before training: 'dict' object has no attribute 'item'
Processing test sample 32/4200 (before training)
Error in bert_gradient: The size of tensor a (546) must match the size of tensor b (512) at non-singleton dimension 1
Error processing test sample 32 before training: 'dict' object has no attribute 'item'
Processing test sample 33/4200 (before training)
Error in bert_gradient: The size of tensor a (1377) must match the size of tensor b (512) at non-singleton dimension 1
Error processing test sample 33 before training: 'dict' object has no attribute 'item'
Processing test sample 34/4200 (before training)
Error in bert_gradient: The size of tensor a (1144) must match the size of tensor b (512) at non-singleton dimension 1
Error processing test sample 34 before training: 'dict' object has no attribute 'item'
Processing test sample 35/4200 (before training)
Error in bert_gradient: The size of tensor a (634) must match the size of tensor b (512) at non-singleton dimension 1
Error processing test sample 35 before training: 'dict' object has no attribute 'item'
Processing test sample 36/4200 (before training)
Processing test sample 37/4200 (before training)
Processing test sample 38/4200 (before training)
Processing test sample 39/4200 (before training)
Processing test sample 40/4200 (before training)
Error in bert_gradient: The size of tensor a (713) must match the size of tensor b (512) at non-singleton dimension 1
Error processing test sample 40 before training: 'dict' object has no attribute 'item'
Processing test sample 41/4200 (before training)
Error in bert_gradient: The size of tensor a (735) must match the size of tensor b (512) at non-singleton dimension 1
Error processing test sample 41 before training: 'dict' object has no attribute 'item'
Processing test sample 42/4200 (before training)
Processing test sample 43/4200 (before training)
Error in bert_gradient: The size of tensor a (1689) must match the size of tensor b (512) at non-singleton dimension 1
Error processing test sample 43 before training: 'dict' object has no attribute 'item'
Processing test sample 44/4200 (before training)
Processing test sample 45/4200 (before training)
Error in bert_gradient: The size of tensor a (942) must match the size of tensor b (512) at non-singleton dimension 1
Error processing test sample 45 before training: 'dict' object has no attribute 'item'
Processing test sample 46/4200 (before training)
Error in bert_gradient: The size of tensor a (879) must match the size of tensor b (512) at non-singleton dimension 1
Error processing test sample 46 before training: 'dict' object has no attribute 'item'
Processing test sample 47/4200 (before training)
Error in bert_gradient: The size of tensor a (622) must match the size of tensor b (512) at non-singleton dimension 1
Error processing test sample 47 before training: 'dict' object has no attribute 'item'
Processing test sample 48/4200 (before training)
Processing test sample 49/4200 (before training)
Processing test sample 50/4200 (before training)
Processing test sample 51/4200 (before training)
Error in bert_gradient: The size of tensor a (549) must match the size of tensor b (512) at non-singleton dimension 1
Error processing test sample 51 before training: 'dict' object has no attribute 'item'
Processing test sample 52/4200 (before training)
Processing test sample 53/4200 (before training)
Error in bert_gradient: The size of tensor a (3871) must match the size of tensor b (512) at non-singleton dimension 1
Error processing test sample 53 before training: 'dict' object has no attribute 'item'
Processing test sample 54/4200 (before training)
Error in bert_gradient: The size of tensor a (1361) must match the size of tensor b (512) at non-singleton dimension 1
Error processing test sample 54 before training: 'dict' object has no attribute 'item'
Processing test sample 55/4200 (before training)
Error in bert_gradient: The size of tensor a (5692) must match the size of tensor b (512) at non-singleton dimension 1
Error processing test sample 55 before training: 'dict' object has no attribute 'item'
Processing test sample 56/4200 (before training)
Error in bert_gradient: The size of tensor a (675) must match the size of tensor b (512) at non-singleton dimension 1
Error processing test sample 56 before training: 'dict' object has no attribute 'item'
Processing test sample 57/4200 (before training)
Error in bert_gradient: The size of tensor a (11420) must match the size of tensor b (512) at non-singleton dimension 1
Error processing test sample 57 before training: 'dict' object has no attribute 'item'
Processing test sample 58/4200 (before training)
Processing test sample 59/4200 (before training)
Error in bert_gradient: The size of tensor a (1062) must match the size of tensor b (512) at non-singleton dimension 1
Error processing test sample 59 before training: 'dict' object has no attribute 'item'
Processing test sample 60/4200 (before training)
Error in bert_gradient: The size of tensor a (712) must match the size of tensor b (512) at non-singleton dimension 1
Error processing test sample 60 before training: 'dict' object has no attribute 'item'
Processing test sample 61/4200 (before training)
Processing test sample 62/4200 (before training)
Error in bert_gradient: The size of tensor a (1912) must match the size of tensor b (512) at non-singleton dimension 1
Error processing test sample 62 before training: 'dict' object has no attribute 'item'
Processing test sample 63/4200 (before training)
Error in bert_gradient: The size of tensor a (724) must match the size of tensor b (512) at non-singleton dimension 1
Error processing test sample 63 before training: 'dict' object has no attribute 'item'
Processing test sample 64/4200 (before training)
Error in bert_gradient: The size of tensor a (1292) must match the size of tensor b (512) at non-singleton dimension 1
Error processing test sample 64 before training: 'dict' object has no attribute 'item'
Processing test sample 65/4200 (before training)
Processing test sample 66/4200 (before training)
Error in bert_gradient: The size of tensor a (1232) must match the size of tensor b (512) at non-singleton dimension 1
Error processing test sample 66 before training: 'dict' object has no attribute 'item'
Processing test sample 67/4200 (before training)
Error in bert_gradient: The size of tensor a (1503) must match the size of tensor b (512) at non-singleton dimension 1
Error processing test sample 67 before training: 'dict' object has no attribute 'item'
Processing test sample 68/4200 (before training)
Processing test sample 69/4200 (before training)
Processing test sample 70/4200 (before training)
Processing test sample 71/4200 (before training)
Processing test sample 72/4200 (before training)
Error in bert_gradient: The size of tensor a (1304) must match the size of tensor b (512) at non-singleton dimension 1
Error processing test sample 72 before training: 'dict' object has no attribute 'item'
Processing test sample 73/4200 (before training)
Error in bert_gradient: The size of tensor a (1029) must match the size of tensor b (512) at non-singleton dimension 1
Error processing test sample 73 before training: 'dict' object has no attribute 'item'
Processing test sample 74/4200 (before training)
Processing test sample 75/4200 (before training)
Error in bert_gradient: The size of tensor a (20104) must match the size of tensor b (512) at non-singleton dimension 1
Error processing test sample 75 before training: 'dict' object has no attribute 'item'
Processing test sample 76/4200 (before training)
Error in bert_gradient: The size of tensor a (968) must match the size of tensor b (512) at non-singleton dimension 1
Error processing test sample 76 before training: 'dict' object has no attribute 'item'
Processing test sample 77/4200 (before training)
Processing test sample 78/4200 (before training)
Processing test sample 79/4200 (before training)
Processing test sample 80/4200 (before training)
Processing test sample 81/4200 (before training)
Error in bert_gradient: The size of tensor a (1014) must match the size of tensor b (512) at non-singleton dimension 1
Error processing test sample 81 before training: 'dict' object has no attribute 'item'
Processing test sample 82/4200 (before training)
Error in bert_gradient: The size of tensor a (1377) must match the size of tensor b (512) at non-singleton dimension 1
Error processing test sample 82 before training: 'dict' object has no attribute 'item'
Processing test sample 83/4200 (before training)
Processing test sample 84/4200 (before training)
Processing test sample 85/4200 (before training)
Error in bert_gradient: The size of tensor a (1284) must match the size of tensor b (512) at non-singleton dimension 1
Error processing test sample 85 before training: 'dict' object has no attribute 'item'
Processing test sample 86/4200 (before training)
Error in bert_gradient: The size of tensor a (7598) must match the size of tensor b (512) at non-singleton dimension 1
Error processing test sample 86 before training: 'dict' object has no attribute 'item'
Processing test sample 87/4200 (before training)
Error in bert_gradient: The size of tensor a (1104) must match the size of tensor b (512) at non-singleton dimension 1
Error processing test sample 87 before training: 'dict' object has no attribute 'item'
Processing test sample 88/4200 (before training)
Error in bert_gradient: The size of tensor a (9404) must match the size of tensor b (512) at non-singleton dimension 1
Error processing test sample 88 before training: 'dict' object has no attribute 'item'
Processing test sample 89/4200 (before training)
Processing test sample 90/4200 (before training)
Processing test sample 91/4200 (before training)
Processing test sample 92/4200 (before training)
Processing test sample 93/4200 (before training)
Error in bert_gradient: The size of tensor a (1465) must match the size of tensor b (512) at non-singleton dimension 1
Error processing test sample 93 before training: 'dict' object has no attribute 'item'
Processing test sample 94/4200 (before training)
Error in bert_gradient: The size of tensor a (1288) must match the size of tensor b (512) at non-singleton dimension 1
Error processing test sample 94 before training: 'dict' object has no attribute 'item'
Processing test sample 95/4200 (before training)
Processing test sample 96/4200 (before training)
Processing test sample 97/4200 (before training)
Processing test sample 98/4200 (before training)
Error in bert_gradient: The size of tensor a (666) must match the size of tensor b (512) at non-singleton dimension 1
Error processing test sample 98 before training: 'dict' object has no attribute 'item'
Processing test sample 99/4200 (before training)
Processing test sample 100/4200 (before training)
Processing test sample 101/4200 (before training)
Processing test sample 102/4200 (before training)
Processing test sample 103/4200 (before training)
Error in bert_gradient: The size of tensor a (787) must match the size of tensor b (512) at non-singleton dimension 1
Error processing test sample 103 before training: 'dict' object has no attribute 'item'
Processing test sample 104/4200 (before training)
Error in bert_gradient: The size of tensor a (5747) must match the size of tensor b (512) at non-singleton dimension 1
Error processing test sample 104 before training: 'dict' object has no attribute 'item'
Processing test sample 105/4200 (before training)
Processing test sample 106/4200 (before training)
Error in bert_gradient: The size of tensor a (5946) must match the size of tensor b (512) at non-singleton dimension 1
Error processing test sample 106 before training: 'dict' object has no attribute 'item'
Processing test sample 107/4200 (before training)
Error in bert_gradient: The size of tensor a (1330) must match the size of tensor b (512) at non-singleton dimension 1
Error processing test sample 107 before training: 'dict' object has no attribute 'item'
Processing test sample 108/4200 (before training)
Error in bert_gradient: The size of tensor a (1150) must match the size of tensor b (512) at non-singleton dimension 1
Error processing test sample 108 before training: 'dict' object has no attribute 'item'
Processing test sample 109/4200 (before training)
Error in bert_gradient: The size of tensor a (1185) must match the size of tensor b (512) at non-singleton dimension 1
Error processing test sample 109 before training: 'dict' object has no attribute 'item'
Processing test sample 110/4200 (before training)
Error in bert_gradient: The size of tensor a (755) must match the size of tensor b (512) at non-singleton dimension 1
Error processing test sample 110 before training: 'dict' object has no attribute 'item'
Processing test sample 111/4200 (before training)
Processing test sample 112/4200 (before training)
Error in bert_gradient: The size of tensor a (778) must match the size of tensor b (512) at non-singleton dimension 1
Error processing test sample 112 before training: 'dict' object has no attribute 'item'
Processing test sample 113/4200 (before training)
Error in bert_gradient: The size of tensor a (522) must match the size of tensor b (512) at non-singleton dimension 1
Error processing test sample 113 before training: 'dict' object has no attribute 'item'
Processing test sample 114/4200 (before training)
Error in bert_gradient: The size of tensor a (1298) must match the size of tensor b (512) at non-singleton dimension 1
Error processing test sample 114 before training: 'dict' object has no attribute 'item'
Processing test sample 115/4200 (before training)
Error in bert_gradient: The size of tensor a (2737) must match the size of tensor b (512) at non-singleton dimension 1
Error processing test sample 115 before training: 'dict' object has no attribute 'item'
Processing test sample 116/4200 (before training)
Error in bert_gradient: The size of tensor a (879) must match the size of tensor b (512) at non-singleton dimension 1
Error processing test sample 116 before training: 'dict' object has no attribute 'item'
Processing test sample 117/4200 (before training)
Processing test sample 118/4200 (before training)
Error in bert_gradient: The size of tensor a (1207) must match the size of tensor b (512) at non-singleton dimension 1
Error processing test sample 118 before training: 'dict' object has no attribute 'item'
Processing test sample 119/4200 (before training)
Error in bert_gradient: The size of tensor a (1031) must match the size of tensor b (512) at non-singleton dimension 1
Error processing test sample 119 before training: 'dict' object has no attribute 'item'
Processing test sample 120/4200 (before training)
Error in bert_gradient: The size of tensor a (1143) must match the size of tensor b (512) at non-singleton dimension 1
Error processing test sample 120 before training: 'dict' object has no attribute 'item'
Processing test sample 121/4200 (before training)
Error in bert_gradient: The size of tensor a (826) must match the size of tensor b (512) at non-singleton dimension 1
Error processing test sample 121 before training: 'dict' object has no attribute 'item'
Processing test sample 122/4200 (before training)
Error in bert_gradient: The size of tensor a (540) must match the size of tensor b (512) at non-singleton dimension 1
Error processing test sample 122 before training: 'dict' object has no attribute 'item'
Processing test sample 123/4200 (before training)
Error in bert_gradient: The size of tensor a (819) must match the size of tensor b (512) at non-singleton dimension 1
Error processing test sample 123 before training: 'dict' object has no attribute 'item'
Processing test sample 124/4200 (before training)
Error in bert_gradient: The size of tensor a (902) must match the size of tensor b (512) at non-singleton dimension 1
Error processing test sample 124 before training: 'dict' object has no attribute 'item'
Processing test sample 125/4200 (before training)
Processing test sample 126/4200 (before training)
Processing test sample 127/4200 (before training)
Processing test sample 128/4200 (before training)
Error in bert_gradient: The size of tensor a (4430) must match the size of tensor b (512) at non-singleton dimension 1
Error processing test sample 128 before training: 'dict' object has no attribute 'item'
Processing test sample 129/4200 (before training)
Processing test sample 130/4200 (before training)
Processing test sample 131/4200 (before training)
Error in bert_gradient: The size of tensor a (1792) must match the size of tensor b (512) at non-singleton dimension 1
Error processing test sample 131 before training: 'dict' object has no attribute 'item'
Processing test sample 132/4200 (before training)
Error in bert_gradient: The size of tensor a (1379) must match the size of tensor b (512) at non-singleton dimension 1
Error processing test sample 132 before training: 'dict' object has no attribute 'item'
Processing test sample 133/4200 (before training)
Processing test sample 134/4200 (before training)
Error in bert_gradient: The size of tensor a (606) must match the size of tensor b (512) at non-singleton dimension 1
Error processing test sample 134 before training: 'dict' object has no attribute 'item'
Processing test sample 135/4200 (before training)
Processing test sample 136/4200 (before training)
Error in bert_gradient: The size of tensor a (2972) must match the size of tensor b (512) at non-singleton dimension 1
Error processing test sample 136 before training: 'dict' object has no attribute 'item'
Processing test sample 137/4200 (before training)
Error in bert_gradient: The size of tensor a (643) must match the size of tensor b (512) at non-singleton dimension 1
Error processing test sample 137 before training: 'dict' object has no attribute 'item'
Processing test sample 138/4200 (before training)
Error in bert_gradient: The size of tensor a (1154) must match the size of tensor b (512) at non-singleton dimension 1
Error processing test sample 138 before training: 'dict' object has no attribute 'item'
Processing test sample 139/4200 (before training)
Processing test sample 140/4200 (before training)
Error in bert_gradient: The size of tensor a (1713) must match the size of tensor b (512) at non-singleton dimension 1
Error processing test sample 140 before training: 'dict' object has no attribute 'item'
Processing test sample 141/4200 (before training)
Processing test sample 142/4200 (before training)
Processing test sample 143/4200 (before training)
Error in bert_gradient: The size of tensor a (810) must match the size of tensor b (512) at non-singleton dimension 1
Error processing test sample 143 before training: 'dict' object has no attribute 'item'
Processing test sample 144/4200 (before training)
Error in bert_gradient: The size of tensor a (781) must match the size of tensor b (512) at non-singleton dimension 1
Error processing test sample 144 before training: 'dict' object has no attribute 'item'
Processing test sample 145/4200 (before training)
Processing test sample 146/4200 (before training)
Processing test sample 147/4200 (before training)
Error in bert_gradient: The size of tensor a (1953) must match the size of tensor b (512) at non-singleton dimension 1
Error processing test sample 147 before training: 'dict' object has no attribute 'item'
Processing test sample 148/4200 (before training)
Processing test sample 149/4200 (before training)
Processing test sample 150/4200 (before training)
Error in bert_gradient: The size of tensor a (888) must match the size of tensor b (512) at non-singleton dimension 1
Error processing test sample 150 before training: 'dict' object has no attribute 'item'
Processing test sample 151/4200 (before training)
Processing test sample 152/4200 (before training)
Processing test sample 153/4200 (before training)
Error in bert_gradient: The size of tensor a (1378) must match the size of tensor b (512) at non-singleton dimension 1
Error processing test sample 153 before training: 'dict' object has no attribute 'item'
Processing test sample 154/4200 (before training)
Error in bert_gradient: The size of tensor a (1223) must match the size of tensor b (512) at non-singleton dimension 1
Error processing test sample 154 before training: 'dict' object has no attribute 'item'
Processing test sample 155/4200 (before training)
Processing test sample 156/4200 (before training)
Processing test sample 157/4200 (before training)
Error in bert_gradient: The size of tensor a (668) must match the size of tensor b (512) at non-singleton dimension 1
Error processing test sample 157 before training: 'dict' object has no attribute 'item'
Processing test sample 158/4200 (before training)
Error in bert_gradient: The size of tensor a (609) must match the size of tensor b (512) at non-singleton dimension 1
Error processing test sample 158 before training: 'dict' object has no attribute 'item'
Processing test sample 159/4200 (before training)
Processing test sample 160/4200 (before training)
Processing test sample 161/4200 (before training)
Error in bert_gradient: The size of tensor a (550) must match the size of tensor b (512) at non-singleton dimension 1
Error processing test sample 161 before training: 'dict' object has no attribute 'item'
Processing test sample 162/4200 (before training)
Error in bert_gradient: The size of tensor a (684) must match the size of tensor b (512) at non-singleton dimension 1
Error processing test sample 162 before training: 'dict' object has no attribute 'item'
Processing test sample 163/4200 (before training)
Processing test sample 164/4200 (before training)
Error in bert_gradient: The size of tensor a (3708) must match the size of tensor b (512) at non-singleton dimension 1
Error processing test sample 164 before training: 'dict' object has no attribute 'item'
Processing test sample 165/4200 (before training)
Processing test sample 166/4200 (before training)
Processing test sample 167/4200 (before training)
Error in bert_gradient: The size of tensor a (657) must match the size of tensor b (512) at non-singleton dimension 1
Error processing test sample 167 before training: 'dict' object has no attribute 'item'
Processing test sample 168/4200 (before training)
Processing test sample 169/4200 (before training)
Error in bert_gradient: The size of tensor a (675) must match the size of tensor b (512) at non-singleton dimension 1
Error processing test sample 169 before training: 'dict' object has no attribute 'item'
Processing test sample 170/4200 (before training)
Error in bert_gradient: The size of tensor a (739) must match the size of tensor b (512) at non-singleton dimension 1
Error processing test sample 170 before training: 'dict' object has no attribute 'item'
Processing test sample 171/4200 (before training)
Error in bert_gradient: The size of tensor a (782) must match the size of tensor b (512) at non-singleton dimension 1
Error processing test sample 171 before training: 'dict' object has no attribute 'item'
Processing test sample 172/4200 (before training)
Error in bert_gradient: The size of tensor a (837) must match the size of tensor b (512) at non-singleton dimension 1
Error processing test sample 172 before training: 'dict' object has no attribute 'item'
Processing test sample 173/4200 (before training)
Processing test sample 174/4200 (before training)
Error in bert_gradient: The size of tensor a (1608) must match the size of tensor b (512) at non-singleton dimension 1
Error processing test sample 174 before training: 'dict' object has no attribute 'item'
Processing test sample 175/4200 (before training)
Error in bert_gradient: The size of tensor a (581) must match the size of tensor b (512) at non-singleton dimension 1
Error processing test sample 175 before training: 'dict' object has no attribute 'item'
Processing test sample 176/4200 (before training)
Processing test sample 177/4200 (before training)
Processing test sample 178/4200 (before training)
Processing test sample 179/4200 (before training)
Processing test sample 180/4200 (before training)
Processing test sample 181/4200 (before training)
Processing test sample 182/4200 (before training)
Processing test sample 183/4200 (before training)
Processing test sample 184/4200 (before training)
Error in bert_gradient: The size of tensor a (3790) must match the size of tensor b (512) at non-singleton dimension 1
Error processing test sample 184 before training: 'dict' object has no attribute 'item'
Processing test sample 185/4200 (before training)
Processing test sample 186/4200 (before training)
Error in bert_gradient: The size of tensor a (805) must match the size of tensor b (512) at non-singleton dimension 1
Error processing test sample 186 before training: 'dict' object has no attribute 'item'
Processing test sample 187/4200 (before training)
Processing test sample 188/4200 (before training)
Processing test sample 189/4200 (before training)
Processing test sample 190/4200 (before training)
Processing test sample 191/4200 (before training)
Error in bert_gradient: The size of tensor a (851) must match the size of tensor b (512) at non-singleton dimension 1
Error processing test sample 191 before training: 'dict' object has no attribute 'item'
Processing test sample 192/4200 (before training)
Processing test sample 193/4200 (before training)
Error in bert_gradient: The size of tensor a (2205) must match the size of tensor b (512) at non-singleton dimension 1
Error processing test sample 193 before training: 'dict' object has no attribute 'item'
Processing test sample 194/4200 (before training)
Processing test sample 195/4200 (before training)
Error in bert_gradient: The size of tensor a (2321) must match the size of tensor b (512) at non-singleton dimension 1
Error processing test sample 195 before training: 'dict' object has no attribute 'item'
Processing test sample 196/4200 (before training)
Error in bert_gradient: The size of tensor a (1029) must match the size of tensor b (512) at non-singleton dimension 1
Error processing test sample 196 before training: 'dict' object has no attribute 'item'
Processing test sample 197/4200 (before training)
Error in bert_gradient: The size of tensor a (1892) must match the size of tensor b (512) at non-singleton dimension 1
Error processing test sample 197 before training: 'dict' object has no attribute 'item'
Processing test sample 198/4200 (before training)
Processing test sample 199/4200 (before training)
Error in bert_gradient: The size of tensor a (526) must match the size of tensor b (512) at non-singleton dimension 1
Error processing test sample 199 before training: 'dict' object has no attribute 'item'
Processing test sample 200/4200 (before training)
Error in bert_gradient: The size of tensor a (615) must match the size of tensor b (512) at non-singleton dimension 1
Error processing test sample 200 before training: 'dict' object has no attribute 'item'
Processing test sample 201/4200 (before training)
Error in bert_gradient: The size of tensor a (936) must match the size of tensor b (512) at non-singleton dimension 1
Error processing test sample 201 before training: 'dict' object has no attribute 'item'
Processing test sample 202/4200 (before training)
Error in bert_gradient: The size of tensor a (2046) must match the size of tensor b (512) at non-singleton dimension 1
Error processing test sample 202 before training: 'dict' object has no attribute 'item'
Processing test sample 203/4200 (before training)
Processing test sample 204/4200 (before training)
Processing test sample 205/4200 (before training)
Processing test sample 206/4200 (before training)
Error in bert_gradient: The size of tensor a (1212) must match the size of tensor b (512) at non-singleton dimension 1
Error processing test sample 206 before training: 'dict' object has no attribute 'item'
Processing test sample 207/4200 (before training)
Processing test sample 208/4200 (before training)
Processing test sample 209/4200 (before training)
Processing test sample 210/4200 (before training)
Processing test sample 211/4200 (before training)
Processing test sample 212/4200 (before training)
Processing test sample 213/4200 (before training)
Error in bert_gradient: The size of tensor a (984) must match the size of tensor b (512) at non-singleton dimension 1
Error processing test sample 213 before training: 'dict' object has no attribute 'item'
Processing test sample 214/4200 (before training)
Error in bert_gradient: The size of tensor a (676) must match the size of tensor b (512) at non-singleton dimension 1
Error processing test sample 214 before training: 'dict' object has no attribute 'item'
Processing test sample 215/4200 (before training)
Processing test sample 216/4200 (before training)
Error in bert_gradient: The size of tensor a (920) must match the size of tensor b (512) at non-singleton dimension 1
