slurmstepd-abakus11: error: Unable to create TMPDIR [/tmp/user/24470]: Permission denied
slurmstepd-abakus11: error: Setting TMPDIR to /tmp
Running job with commit: 345bd21276b93a214b8192822468fa709e3b4ceb
[nltk_data] Downloading package stopwords to
[nltk_data]     /home/g/gruenefeld/nltk_data...
[nltk_data]   Package stopwords is already up-to-date!
[nltk_data] Downloading package wordnet to
[nltk_data]     /home/g/gruenefeld/nltk_data...
[nltk_data]   Package wordnet is already up-to-date!
Job number: 2579
Dataset: ag-pubmed
Model: llama-2-medical
GPT Model: gpt-4o-mini-2024-07-18
Key mode: keyfile
Mode: test
Quantization bits: 4
Full gradient: False
Response only: True
Normalize: False
Perturbation mode: rephrase
Number of perturbations: 3
Max tokens: 0
Sample Size Per Label: 5
Loading model in 4-bit precision to reduce memory usage
Loading checkpoint shards:   0%|          | 0/2 [00:00<?, ?it/s]Loading checkpoint shards:  50%|█████     | 1/2 [00:02<00:02,  2.19s/it]Loading checkpoint shards: 100%|██████████| 2/2 [00:03<00:00,  1.40s/it]Loading checkpoint shards: 100%|██████████| 2/2 [00:03<00:00,  1.52s/it]
asd
asd
asd
asd
asd
asd
asd
asd
asd
asd
asd
asd
asd
asd
asd
asd
asd
asd
asd
asd
asd
asd
asd
asd
asd
asd
asd
asd
asd
asd
asd
asd
asd
asd
asd
asd
asd
asd
asd
asd
asd
asd
asd
asd
asd
asd
asd
asd
asd
asd
asd
asd
asd
asd
asd
asd
asd
asd
asd
asd
asd
asd
asd
asd
asd
asd
asd
asd
asd
asd
asd
asd
asd
asd
asd
asd
asd
asd
asd
asd
asd
asd
asd
asd
asd
asd
asd
asd
asd
asd
asd
asd
asd
asd
asd
asd
asd
asd
asd
asd
asd
asd
asd
asd
asd
asd
asd
asd
asd
asd
asd
asd
asd
asd
asd
asd
asd
asd
asd
asd
asd
asd
asd
asd
asd
asd
asd
asd
asd
asd
asd
asd
asd
asd
asd
asd
asd
asd
asd
asd
asd
asd
asd
asd
asd
asd
asd
asd
asd
asd
asd
asd
asd
asd
asd
asd
asd
asd
asd
asd
asd
asd
asd
asd
asd
asd
asd
asd
asd
asd
asd
asd
asd
asd
asd
asd
asd
asd
asd
asd
asd
asd
asd
asd
asd
asd
asd
asd
asd
asd
asd
asd
asd
asd
asd
Processing sample 1/25 (dataset index: 0)
Processing sample 1 (dataset index 0)
Error in completion_gradient: element 0 of tensors does not require grad and does not have a grad_fn
Error calculating gradient for sample 1 (dataset index 0): element 0 of tensors does not require grad and does not have a grad_fn
Processing sample 2/25 (dataset index: 1)
Processing sample 2 (dataset index 1)
Error in completion_gradient: element 0 of tensors does not require grad and does not have a grad_fn
Error calculating gradient for sample 2 (dataset index 1): element 0 of tensors does not require grad and does not have a grad_fn
Processing sample 3/25 (dataset index: 2)
Processing sample 3 (dataset index 2)
Error in completion_gradient: element 0 of tensors does not require grad and does not have a grad_fn
Error calculating gradient for sample 3 (dataset index 2): element 0 of tensors does not require grad and does not have a grad_fn
Processing sample 4/25 (dataset index: 3)
Processing sample 4 (dataset index 3)
Error in completion_gradient: element 0 of tensors does not require grad and does not have a grad_fn
Error calculating gradient for sample 4 (dataset index 3): element 0 of tensors does not require grad and does not have a grad_fn
Processing sample 5/25 (dataset index: 4)
Processing sample 5 (dataset index 4)
Error in completion_gradient: element 0 of tensors does not require grad and does not have a grad_fn
Error calculating gradient for sample 5 (dataset index 4): element 0 of tensors does not require grad and does not have a grad_fn
Processing sample 6/25 (dataset index: 5)
Processing sample 6 (dataset index 5)
Error in completion_gradient: element 0 of tensors does not require grad and does not have a grad_fn
Error calculating gradient for sample 6 (dataset index 5): element 0 of tensors does not require grad and does not have a grad_fn
Processing sample 7/25 (dataset index: 6)
Processing sample 7 (dataset index 6)
Error in completion_gradient: element 0 of tensors does not require grad and does not have a grad_fn
Error calculating gradient for sample 7 (dataset index 6): element 0 of tensors does not require grad and does not have a grad_fn
Processing sample 8/25 (dataset index: 7)
Processing sample 8 (dataset index 7)
Error in completion_gradient: element 0 of tensors does not require grad and does not have a grad_fn
Error calculating gradient for sample 8 (dataset index 7): element 0 of tensors does not require grad and does not have a grad_fn
Processing sample 9/25 (dataset index: 8)
Processing sample 9 (dataset index 8)
Error in completion_gradient: element 0 of tensors does not require grad and does not have a grad_fn
Error calculating gradient for sample 9 (dataset index 8): element 0 of tensors does not require grad and does not have a grad_fn
Processing sample 10/25 (dataset index: 9)
Processing sample 10 (dataset index 9)
Error in completion_gradient: element 0 of tensors does not require grad and does not have a grad_fn
Error calculating gradient for sample 10 (dataset index 9): element 0 of tensors does not require grad and does not have a grad_fn
Processing sample 11/25 (dataset index: 10)
Processing sample 11 (dataset index 10)
Error in completion_gradient: element 0 of tensors does not require grad and does not have a grad_fn
Error calculating gradient for sample 11 (dataset index 10): element 0 of tensors does not require grad and does not have a grad_fn
Processing sample 12/25 (dataset index: 11)
Processing sample 12 (dataset index 11)
Error in completion_gradient: element 0 of tensors does not require grad and does not have a grad_fn
Error calculating gradient for sample 12 (dataset index 11): element 0 of tensors does not require grad and does not have a grad_fn
Processing sample 13/25 (dataset index: 12)
Processing sample 13 (dataset index 12)
Error in completion_gradient: element 0 of tensors does not require grad and does not have a grad_fn
Error calculating gradient for sample 13 (dataset index 12): element 0 of tensors does not require grad and does not have a grad_fn
Processing sample 14/25 (dataset index: 13)
Processing sample 14 (dataset index 13)
Error in completion_gradient: element 0 of tensors does not require grad and does not have a grad_fn
Error calculating gradient for sample 14 (dataset index 13): element 0 of tensors does not require grad and does not have a grad_fn
Processing sample 15/25 (dataset index: 14)
Processing sample 15 (dataset index 14)
Error in completion_gradient: element 0 of tensors does not require grad and does not have a grad_fn
Error calculating gradient for sample 15 (dataset index 14): element 0 of tensors does not require grad and does not have a grad_fn
Processing sample 16/25 (dataset index: 15)
Processing sample 16 (dataset index 15)
Error in completion_gradient: element 0 of tensors does not require grad and does not have a grad_fn
Error calculating gradient for sample 16 (dataset index 15): element 0 of tensors does not require grad and does not have a grad_fn
Processing sample 17/25 (dataset index: 16)
Processing sample 17 (dataset index 16)
Error in completion_gradient: element 0 of tensors does not require grad and does not have a grad_fn
Error calculating gradient for sample 17 (dataset index 16): element 0 of tensors does not require grad and does not have a grad_fn
Processing sample 18/25 (dataset index: 17)
Processing sample 18 (dataset index 17)
Error in completion_gradient: element 0 of tensors does not require grad and does not have a grad_fn
Error calculating gradient for sample 18 (dataset index 17): element 0 of tensors does not require grad and does not have a grad_fn
Processing sample 19/25 (dataset index: 18)
Processing sample 19 (dataset index 18)
Error in completion_gradient: element 0 of tensors does not require grad and does not have a grad_fn
Error calculating gradient for sample 19 (dataset index 18): element 0 of tensors does not require grad and does not have a grad_fn
Processing sample 20/25 (dataset index: 19)
Processing sample 20 (dataset index 19)
Error in completion_gradient: element 0 of tensors does not require grad and does not have a grad_fn
Error calculating gradient for sample 20 (dataset index 19): element 0 of tensors does not require grad and does not have a grad_fn
Processing sample 21/25 (dataset index: 20)
Processing sample 21 (dataset index 20)
Error in completion_gradient: element 0 of tensors does not require grad and does not have a grad_fn
Error calculating gradient for sample 21 (dataset index 20): element 0 of tensors does not require grad and does not have a grad_fn
Processing sample 22/25 (dataset index: 21)
Processing sample 22 (dataset index 21)
Error in completion_gradient: element 0 of tensors does not require grad and does not have a grad_fn
Error calculating gradient for sample 22 (dataset index 21): element 0 of tensors does not require grad and does not have a grad_fn
Processing sample 23/25 (dataset index: 22)
Processing sample 23 (dataset index 22)
Error in completion_gradient: element 0 of tensors does not require grad and does not have a grad_fn
Error calculating gradient for sample 23 (dataset index 22): element 0 of tensors does not require grad and does not have a grad_fn
Processing sample 24/25 (dataset index: 23)
Processing sample 24 (dataset index 23)
Error in completion_gradient: element 0 of tensors does not require grad and does not have a grad_fn
Error calculating gradient for sample 24 (dataset index 23): element 0 of tensors does not require grad and does not have a grad_fn
Processing sample 25/25 (dataset index: 24)
Processing sample 25 (dataset index 24)
Error in completion_gradient: element 0 of tensors does not require grad and does not have a grad_fn
Error calculating gradient for sample 25 (dataset index 24): element 0 of tensors does not require grad and does not have a grad_fn
Processing complete, but no successful results to save. All 25 samples failed.
[main 0bf296f] Domain Specific LLM Script Results for Run 2579 (Commit: 345bd21)
 2 files changed, 327 insertions(+)
 create mode 100644 slurm-outputs/slurm.2579.abakus11.out
To github.com:ngruenefeld/gradient-uncertainty.git
   345bd21..0bf296f  main -> main
