slurmstepd-abakus21: error: Unable to create TMPDIR [/tmp/user/24470]: Permission denied
slurmstepd-abakus21: error: Setting TMPDIR to /tmp
Running job with commit: f8d6632e75babec9c79a71e6e09c5b4e08119f73
[nltk_data] Downloading package stopwords to
[nltk_data]     /home/g/gruenefeld/nltk_data...
[nltk_data]   Package stopwords is already up-to-date!
[nltk_data] Downloading package wordnet to
[nltk_data]     /home/g/gruenefeld/nltk_data...
[nltk_data]   Package wordnet is already up-to-date!
Job number: 2527
Dataset: ag-pubmed
Model: ii-medical
GPT Model: gpt-4o-mini-2024-07-18
Key mode: keyfile
Sample size: 0
Mode: full
Quantization bits: 4
Full gradient: False
Response only: True
Normalize: False
Perturbation mode: rephrase
Number of perturbations: 3
Max tokens: 0
Loading model in 4-bit precision to reduce memory usage
Downloading shards:   0%|          | 0/7 [00:00<?, ?it/s]Downloading shards:  14%|█▍        | 1/7 [02:02<12:13, 122.26s/it]Downloading shards:  29%|██▊       | 2/7 [04:18<10:51, 130.39s/it]Downloading shards:  43%|████▎     | 3/7 [06:06<08:01, 120.37s/it]Downloading shards:  57%|█████▋    | 4/7 [08:28<06:26, 128.81s/it]Downloading shards:  71%|███████▏  | 5/7 [10:19<04:04, 122.20s/it]Downloading shards:  86%|████████▌ | 6/7 [11:50<01:51, 111.67s/it]Downloading shards: 100%|██████████| 7/7 [13:18<00:00, 103.90s/it]Downloading shards: 100%|██████████| 7/7 [13:18<00:00, 114.02s/it]
Loading checkpoint shards:   0%|          | 0/7 [00:00<?, ?it/s]Loading checkpoint shards:  14%|█▍        | 1/7 [00:45<04:32, 45.37s/it]Loading checkpoint shards:  29%|██▊       | 2/7 [01:30<03:44, 44.96s/it]Loading checkpoint shards:  43%|████▎     | 3/7 [02:15<03:00, 45.21s/it]Loading checkpoint shards:  57%|█████▋    | 4/7 [03:01<02:16, 45.48s/it]Loading checkpoint shards:  71%|███████▏  | 5/7 [03:47<01:31, 45.81s/it]Loading checkpoint shards:  86%|████████▌ | 6/7 [04:21<00:41, 41.68s/it]Loading checkpoint shards: 100%|██████████| 7/7 [04:40<00:00, 34.40s/it]Loading checkpoint shards: 100%|██████████| 7/7 [04:40<00:00, 40.13s/it]
Traceback (most recent call last):
  File "<frozen runpy>", line 198, in _run_module_as_main
  File "<frozen runpy>", line 88, in _run_code
  File "/home/g/gruenefeld/Documents/GitHub/gradient-uncertainty/scripts/domain_specific.py", line 440, in <module>
    args = parser.parse_args()
    ^^^^^^^^^^
  File "/home/g/gruenefeld/Documents/GitHub/gradient-uncertainty/scripts/domain_specific.py", line 146, in main
    data_samples = [(i, data_list[i]) for i in indices]
                        ^^^^^^^^^^^^^^^
TypeError: 'NoneType' object is not iterable
