slurmstepd-abakus11: error: Unable to create TMPDIR [/tmp/user/24470]: Permission denied
slurmstepd-abakus11: error: Setting TMPDIR to /tmp
Running job with commit: 3ee20ba9bf2ee68981ec79d4df390ac0fe5eece7
Running command: python -um scripts.bert "5975" --key_mode "keyfile" --sample_size "0" --test_sample_size "0" --dataset "finefineweb" --epochs "10"
[nltk_data] Downloading package stopwords to
[nltk_data]     /home/g/gruenefeld/nltk_data...
[nltk_data]   Package stopwords is already up-to-date!
[nltk_data] Downloading package wordnet to
[nltk_data]     /home/g/gruenefeld/nltk_data...
[nltk_data]   Package wordnet is already up-to-date!
Job number: 5975
Key mode: keyfile
Sample size: 0
Normalize: False
Counterfactual: identity
Dataset: finefineweb
Model: bert
Replacement probability: 1.0
Epochs: 10
Traceback (most recent call last):
  File "/home/g/gruenefeld/Documents/GitHub/gradient-uncertainty/env/lib/python3.12/site-packages/huggingface_hub/utils/_http.py", line 409, in hf_raise_for_status
    response.raise_for_status()
  File "/home/g/gruenefeld/Documents/GitHub/gradient-uncertainty/env/lib/python3.12/site-packages/requests/models.py", line 1024, in raise_for_status
    raise HTTPError(http_error_msg, response=self)
requests.exceptions.HTTPError: 429 Client Error: Too Many Requests for url: https://huggingface.co/datasets/m-a-p/FineFineWeb-test/resolve/e717fbee8959e90d7e183eef259ecb2e0a2b4225/library/library_000000.jsonl

The above exception was the direct cause of the following exception:

Traceback (most recent call last):
  File "<frozen runpy>", line 198, in _run_module_as_main
  File "<frozen runpy>", line 88, in _run_code
  File "/home/g/gruenefeld/Documents/GitHub/gradient-uncertainty/scripts/bert.py", line 377, in <module>
    main(args)
  File "/home/g/gruenefeld/Documents/GitHub/gradient-uncertainty/scripts/bert.py", line 146, in main
    train_dataset, test_dataset = load_bert_datasets(choice=dataset_choice)
                                  ^^^^^^^^^^^^^^^^^^^^^^^^^^^^^^^^^^^^^^^^^
  File "/home/g/gruenefeld/Documents/GitHub/gradient-uncertainty/utils/utils.py", line 478, in load_bert_datasets
    train_data, test_data = load_bert_dataset_dicts("finefineweb")
                            ^^^^^^^^^^^^^^^^^^^^^^^^^^^^^^^^^^^^^^
  File "/home/g/gruenefeld/Documents/GitHub/gradient-uncertainty/utils/utils.py", line 366, in load_bert_dataset_dicts
    for example in test_dataset:
  File "/home/g/gruenefeld/Documents/GitHub/gradient-uncertainty/env/lib/python3.12/site-packages/datasets/iterable_dataset.py", line 2266, in __iter__
    for key, example in ex_iterable:
  File "/home/g/gruenefeld/Documents/GitHub/gradient-uncertainty/env/lib/python3.12/site-packages/datasets/iterable_dataset.py", line 1856, in __iter__
    for key, pa_table in self._iter_arrow():
  File "/home/g/gruenefeld/Documents/GitHub/gradient-uncertainty/env/lib/python3.12/site-packages/datasets/iterable_dataset.py", line 1879, in _iter_arrow
    for key, pa_table in self.ex_iterable._iter_arrow():
  File "/home/g/gruenefeld/Documents/GitHub/gradient-uncertainty/env/lib/python3.12/site-packages/datasets/iterable_dataset.py", line 323, in _iter_arrow
    for key, pa_table in self.generate_tables_fn(**gen_kwags):
  File "/home/g/gruenefeld/Documents/GitHub/gradient-uncertainty/env/lib/python3.12/site-packages/datasets/packaged_modules/json/json.py", line 123, in _generate_tables
    batch = f.read(self.config.chunksize)
            ^^^^^^^^^^^^^^^^^^^^^^^^^^^^^
  File "/home/g/gruenefeld/Documents/GitHub/gradient-uncertainty/env/lib/python3.12/site-packages/datasets/utils/file_utils.py", line 827, in read_with_retries
    out = read(*args, **kwargs)
          ^^^^^^^^^^^^^^^^^^^^^
  File "/home/g/gruenefeld/Documents/GitHub/gradient-uncertainty/env/lib/python3.12/site-packages/huggingface_hub/hf_file_system.py", line 1013, in read
    return super().read(length)
           ^^^^^^^^^^^^^^^^^^^^
  File "/home/g/gruenefeld/Documents/GitHub/gradient-uncertainty/env/lib/python3.12/site-packages/fsspec/spec.py", line 2083, in read
    out = self.cache._fetch(self.loc, self.loc + length)
          ^^^^^^^^^^^^^^^^^^^^^^^^^^^^^^^^^^^^^^^^^^^^^^
  File "/home/g/gruenefeld/Documents/GitHub/gradient-uncertainty/env/lib/python3.12/site-packages/fsspec/caching.py", line 249, in _fetch
    self.cache = self.fetcher(start, end)  # new block replaces old
                 ^^^^^^^^^^^^^^^^^^^^^^^^
  File "/home/g/gruenefeld/Documents/GitHub/gradient-uncertainty/env/lib/python3.12/site-packages/huggingface_hub/hf_file_system.py", line 976, in _fetch_range
    hf_raise_for_status(r)
  File "/home/g/gruenefeld/Documents/GitHub/gradient-uncertainty/env/lib/python3.12/site-packages/huggingface_hub/utils/_http.py", line 482, in hf_raise_for_status
    raise _format(HfHubHTTPError, str(e), response) from e
huggingface_hub.errors.HfHubHTTPError: 429 Client Error: Too Many Requests for url: https://huggingface.co/datasets/m-a-p/FineFineWeb-test/resolve/e717fbee8959e90d7e183eef259ecb2e0a2b4225/library/library_000000.jsonl
